error: Found argument '--websocket-port' which wasn't expected, or isn't valid in this context

USAGE:
    geckodriver [FLAGS] [OPTIONS]

For more information try --help
error: Found argument '--websocket-port' which wasn't expected, or isn't valid in this context

USAGE:
    geckodriver [FLAGS] [OPTIONS]

For more information try --help
error: Found argument '--websocket-port' which wasn't expected, or isn't valid in this context

USAGE:
    geckodriver [FLAGS] [OPTIONS]

For more information try --help
error: Found argument '--websocket-port' which wasn't expected, or isn't valid in this context

USAGE:
    geckodriver [FLAGS] [OPTIONS]

For more information try --help
error: Found argument '--websocket-port' which wasn't expected, or isn't valid in this context

USAGE:
    geckodriver [FLAGS] [OPTIONS]

For more information try --help
error: Found argument '--websocket-port' which wasn't expected, or isn't valid in this context

USAGE:
    geckodriver [FLAGS] [OPTIONS]

For more information try --help
error: Found argument '--websocket-port' which wasn't expected, or isn't valid in this context

USAGE:
    geckodriver [FLAGS] [OPTIONS]

For more information try --help
error: Found argument '--websocket-port' which wasn't expected, or isn't valid in this context

USAGE:
    geckodriver [FLAGS] [OPTIONS]

For more information try --help
error: Found argument '--websocket-port' which wasn't expected, or isn't valid in this context

USAGE:
    geckodriver [FLAGS] [OPTIONS]

For more information try --help
error: Found argument '--websocket-port' which wasn't expected, or isn't valid in this context

USAGE:
    geckodriver [FLAGS] [OPTIONS]

For more information try --help
error: Found argument '--websocket-port' which wasn't expected, or isn't valid in this context

USAGE:
    geckodriver [FLAGS] [OPTIONS]

For more information try --help
error: Found argument '--websocket-port' which wasn't expected, or isn't valid in this context

USAGE:
    geckodriver [FLAGS] [OPTIONS]

For more information try --help
error: Found argument '--websocket-port' which wasn't expected, or isn't valid in this context

USAGE:
    geckodriver [FLAGS] [OPTIONS]

For more information try --help
error: Found argument '--websocket-port' which wasn't expected, or isn't valid in this context

USAGE:
    geckodriver [FLAGS] [OPTIONS]

For more information try --help
error: Found argument '--websocket-port' which wasn't expected, or isn't valid in this context

USAGE:
    geckodriver [FLAGS] [OPTIONS]

For more information try --help
error: Found argument '--websocket-port' which wasn't expected, or isn't valid in this context

USAGE:
    geckodriver [FLAGS] [OPTIONS]

For more information try --help
error: Found argument '--websocket-port' which wasn't expected, or isn't valid in this context

USAGE:
    geckodriver [FLAGS] [OPTIONS]

For more information try --help
1661889895654	geckodriver	INFO	Listening on 127.0.0.1:51660
1661889895919	mozrunner::runner	INFO	Running command: "/Applications/Firefox.app/Contents/MacOS/firefox-bin" "--marionette" "--remote-debugging-port" "51661" "--remote-allow-hosts" "localhost" "-foreground" "-no-remote" "-profile" "/var/folders/00/gjg35v2952q6d4cnn6wnljy80000gn/T/rust_mozprofileidaEZm"
1661889896585	Marionette	INFO	Marionette enabled
1661889896608	Marionette	INFO	Listening on port 51669
WebDriver BiDi listening on ws://localhost:51661
2022-08-30 21:04:56.617 plugin-container[24327:413665] nil host used in call to allowsSpecificHTTPSCertificateForHost
2022-08-30 21:04:56.617 plugin-container[24327:413665] nil host used in call to allowsAnyHTTPSCertificateForHost:
2022-08-30 21:04:56.622 plugin-container[24327:413665] nil host used in call to allowsSpecificHTTPSCertificateForHost
2022-08-30 21:04:56.622 plugin-container[24327:413665] nil host used in call to allowsAnyHTTPSCertificateForHost:
2022-08-30 21:04:56.623 plugin-container[24327:413690] nil host used in call to allowsSpecificHTTPSCertificateForHost
2022-08-30 21:04:56.623 plugin-container[24327:413690] nil host used in call to allowsAnyHTTPSCertificateForHost:
Read port: 51669
1661889896737	RemoteAgent	WARN	TLS certificate errors will be ignored for this session
console.warn: SearchSettings: "get: No settings file exists, new profile?" (new NotFoundError("Could not open the file at /var/folders/00/gjg35v2952q6d4cnn6wnljy80000gn/T/rust_mozprofileidaEZm/search.json.mozlz4", (void 0)))
DevTools listening on ws://localhost:51661/devtools/browser/76fb07cf-90a5-45e0-961c-9ac0fd3d19de
console.error: services.settings: 
  main/query-stripping Signature failed  InvalidSignatureError: Invalid content signature (main/query-stripping)
console.error: services.settings: 
  main/query-stripping local data was corrupted
console.warn: services.settings: main/query-stripping Signature verified failed. Retry from scratch
console.error: services.settings: 
  main/query-stripping Signature failed again InvalidSignatureError: Invalid content signature (main/query-stripping)
UNSUPPORTED (log once): POSSIBLE ISSUE: unit 1 GLD_TEXTURE_INDEX_2D is unloadable and bound to sampler type (Float) - using zero texture because texture unloadable
console.warn: LoginRecipes: "Falling back to a synchronous message for: https://www.johnlewis.com."
console.warn: LoginRecipes: "Falling back to a synchronous message for: https://www.johnlewis.com."
JavaScript warning: https://www.johnlewis.com/5I-w2mIw/nzk/lQt/QaRXdu7jBg/umrufLpD/czBXN0YD/cSY/XXEtbKmQ, line 1: WEBGL_debug_renderer_info is deprecated in Firefox and will be removed. Please use RENDERER.
1661890169097	geckodriver	INFO	Listening on 127.0.0.1:51732
1661890169616	mozrunner::runner	INFO	Running command: "/Applications/Firefox.app/Contents/MacOS/firefox-bin" "--marionette" "--remote-debugging-port" "51733" "--remote-allow-hosts" "localhost" "-foreground" "-no-remote" "-profile" "/var/folders/00/gjg35v2952q6d4cnn6wnljy80000gn/T/rust_mozprofileKCRLay"
1661890169898	Marionette	INFO	Marionette enabled
1661890169915	Marionette	INFO	Listening on port 51738
WebDriver BiDi listening on ws://localhost:51733
2022-08-30 21:09:29.919 plugin-container[24692:416236] nil host used in call to allowsSpecificHTTPSCertificateForHost
2022-08-30 21:09:29.920 plugin-container[24692:416236] nil host used in call to allowsAnyHTTPSCertificateForHost:
Read port: 51738
2022-08-30 21:09:29.937 plugin-container[24692:416236] nil host used in call to allowsSpecificHTTPSCertificateForHost
2022-08-30 21:09:29.937 plugin-container[24692:416236] nil host used in call to allowsAnyHTTPSCertificateForHost:
2022-08-30 21:09:29.938 plugin-container[24692:416242] nil host used in call to allowsSpecificHTTPSCertificateForHost
2022-08-30 21:09:29.938 plugin-container[24692:416242] nil host used in call to allowsAnyHTTPSCertificateForHost:
1661890170017	RemoteAgent	WARN	TLS certificate errors will be ignored for this session
console.warn: SearchSettings: "get: No settings file exists, new profile?" (new NotFoundError("Could not open the file at /var/folders/00/gjg35v2952q6d4cnn6wnljy80000gn/T/rust_mozprofileKCRLay/search.json.mozlz4", (void 0)))
DevTools listening on ws://localhost:51733/devtools/browser/b323983f-2025-4da0-8d4c-dd42fe10473a
console.error: services.settings: 
  main/query-stripping Signature failed  InvalidSignatureError: Invalid content signature (main/query-stripping)
console.error: services.settings: 
  main/query-stripping local data was corrupted
console.warn: services.settings: main/query-stripping Signature verified failed. Retry from scratch
console.error: services.settings: 
  main/query-stripping Signature failed again InvalidSignatureError: Invalid content signature (main/query-stripping)
UNSUPPORTED (log once): POSSIBLE ISSUE: unit 1 GLD_TEXTURE_INDEX_2D is unloadable and bound to sampler type (Float) - using zero texture because texture unloadable
console.warn: LoginRecipes: "Falling back to a synchronous message for: https://www.johnlewis.com."
console.warn: LoginRecipes: "Falling back to a synchronous message for: https://www.johnlewis.com."
JavaScript warning: https://www.johnlewis.com/5I-w2mIw/nzk/lQt/QaRXdu7jBg/umrufLpD/czBXN0YD/cSY/XXEtbKmQ, line 1: WEBGL_debug_renderer_info is deprecated in Firefox and will be removed. Please use RENDERER.
Exiting due to channel error.
[GFX1-]: Receive IPC close with reason=AbnormalShutdown
Exiting due to channel error.
Exiting due to channel error.
Exiting due to channel error.
Exiting due to channel error.
Exiting due to channel error.
1661890275082	geckodriver	INFO	Listening on 127.0.0.1:51821
1661890275600	mozrunner::runner	INFO	Running command: "/Applications/Firefox.app/Contents/MacOS/firefox-bin" "--marionette" "--remote-debugging-port" "51822" "--remote-allow-hosts" "localhost" "-foreground" "-no-remote" "-profile" "/var/folders/00/gjg35v2952q6d4cnn6wnljy80000gn/T/rust_mozprofileF6fmGX"
2022-08-30 21:11:15.821 plugin-container[25165:418541] nil host used in call to allowsSpecificHTTPSCertificateForHost
2022-08-30 21:11:15.821 plugin-container[25165:418541] nil host used in call to allowsAnyHTTPSCertificateForHost:
2022-08-30 21:11:15.824 plugin-container[25165:418541] nil host used in call to allowsSpecificHTTPSCertificateForHost
2022-08-30 21:11:15.824 plugin-container[25165:418541] nil host used in call to allowsAnyHTTPSCertificateForHost:
2022-08-30 21:11:15.824 plugin-container[25165:418545] nil host used in call to allowsSpecificHTTPSCertificateForHost
2022-08-30 21:11:15.824 plugin-container[25165:418545] nil host used in call to allowsAnyHTTPSCertificateForHost:
1661890275829	Marionette	INFO	Marionette enabled
1661890275856	Marionette	INFO	Listening on port 51827
WebDriver BiDi listening on ws://localhost:51822
Read port: 51827
1661890276034	RemoteAgent	WARN	TLS certificate errors will be ignored for this session
console.warn: SearchSettings: "get: No settings file exists, new profile?" (new NotFoundError("Could not open the file at /var/folders/00/gjg35v2952q6d4cnn6wnljy80000gn/T/rust_mozprofileF6fmGX/search.json.mozlz4", (void 0)))
DevTools listening on ws://localhost:51822/devtools/browser/53ae7a01-21b4-4c3a-8183-ebad2f93fb31
console.error: services.settings: 
  main/query-stripping Signature failed  InvalidSignatureError: Invalid content signature (main/query-stripping)
console.error: services.settings: 
  main/query-stripping local data was corrupted
console.warn: services.settings: main/query-stripping Signature verified failed. Retry from scratch
console.error: services.settings: 
  main/query-stripping Signature failed again InvalidSignatureError: Invalid content signature (main/query-stripping)
UNSUPPORTED (log once): POSSIBLE ISSUE: unit 1 GLD_TEXTURE_INDEX_2D is unloadable and bound to sampler type (Float) - using zero texture because texture unloadable
console.warn: LoginRecipes: "Falling back to a synchronous message for: https://www.johnlewis.com."
console.warn: LoginRecipes: "Falling back to a synchronous message for: https://www.johnlewis.com."
JavaScript warning: https://www.johnlewis.com/5I-w2mIw/nzk/lQt/QaRXdu7jBg/umrufLpD/czBXN0YD/cSY/XXEtbKmQ, line 1: WEBGL_debug_renderer_info is deprecated in Firefox and will be removed. Please use RENDERER.
1661890360225	Marionette	INFO	Stopped listening on port 51827
1661958017764	geckodriver	INFO	Listening on 127.0.0.1:55394
1661958018266	mozrunner::runner	INFO	Running command: "/Applications/Firefox.app/Contents/MacOS/firefox-bin" "--marionette" "--remote-debugging-port" "55395" "--remote-allow-hosts" "localhost" "-foreground" "-no-remote" "-profile" "/var/folders/00/gjg35v2952q6d4cnn6wnljy80000gn/T/rust_mozprofileCVcIJX"
1661958018937	Marionette	INFO	Marionette enabled
2022-08-31 16:00:18.959 plugin-container[46537:612653] nil host used in call to allowsSpecificHTTPSCertificateForHost
2022-08-31 16:00:18.960 plugin-container[46537:612653] nil host used in call to allowsAnyHTTPSCertificateForHost:
1661958018973	Marionette	INFO	Listening on port 55400
WebDriver BiDi listening on ws://localhost:55395
Read port: 55400
2022-08-31 16:00:19.041 plugin-container[46537:612653] nil host used in call to allowsSpecificHTTPSCertificateForHost
2022-08-31 16:00:19.041 plugin-container[46537:612653] nil host used in call to allowsAnyHTTPSCertificateForHost:
2022-08-31 16:00:19.041 plugin-container[46537:612655] nil host used in call to allowsSpecificHTTPSCertificateForHost
2022-08-31 16:00:19.041 plugin-container[46537:612655] nil host used in call to allowsAnyHTTPSCertificateForHost:
1661958019061	RemoteAgent	WARN	TLS certificate errors will be ignored for this session
console.warn: SearchSettings: "get: No settings file exists, new profile?" (new NotFoundError("Could not open the file at /var/folders/00/gjg35v2952q6d4cnn6wnljy80000gn/T/rust_mozprofileCVcIJX/search.json.mozlz4", (void 0)))
DevTools listening on ws://localhost:55395/devtools/browser/6887b317-784f-4409-b58e-c4b2978e5935
UNSUPPORTED (log once): POSSIBLE ISSUE: unit 1 GLD_TEXTURE_INDEX_2D is unloadable and bound to sampler type (Float) - using zero texture because texture unloadable
console.warn: LoginRecipes: "Falling back to a synchronous message for: https://www.johnlewis.com."
console.warn: LoginRecipes: "Falling back to a synchronous message for: https://www.johnlewis.com."
JavaScript warning: https://www.johnlewis.com/7eFnvpRHnVmHBK66DMGT/VEDaX0bmEpiw/WSo8YwE/NH/xbYFFMNEE, line 1: WEBGL_debug_renderer_info is deprecated in Firefox and will be removed. Please use RENDERER.
1661958079829	Marionette	INFO	Stopped listening on port 55400
1661958094744	geckodriver	INFO	Listening on 127.0.0.1:55471
1661958095256	mozrunner::runner	INFO	Running command: "/Applications/Firefox.app/Contents/MacOS/firefox-bin" "--marionette" "--remote-debugging-port" "55472" "--remote-allow-hosts" "localhost" "-foreground" "-no-remote" "-profile" "/var/folders/00/gjg35v2952q6d4cnn6wnljy80000gn/T/rust_mozprofilekdYbbF"
2022-08-31 16:01:35.520 plugin-container[46720:613997] nil host used in call to allowsSpecificHTTPSCertificateForHost
2022-08-31 16:01:35.520 plugin-container[46720:613997] nil host used in call to allowsAnyHTTPSCertificateForHost:
2022-08-31 16:01:35.522 plugin-container[46720:613997] nil host used in call to allowsSpecificHTTPSCertificateForHost
2022-08-31 16:01:35.522 plugin-container[46720:613997] nil host used in call to allowsAnyHTTPSCertificateForHost:
2022-08-31 16:01:35.522 plugin-container[46720:613995] nil host used in call to allowsSpecificHTTPSCertificateForHost
2022-08-31 16:01:35.522 plugin-container[46720:613995] nil host used in call to allowsAnyHTTPSCertificateForHost:
1661958095523	Marionette	INFO	Marionette enabled
1661958095540	Marionette	INFO	Listening on port 55477
WebDriver BiDi listening on ws://localhost:55472
Read port: 55477
1661958095643	RemoteAgent	WARN	TLS certificate errors will be ignored for this session
console.warn: SearchSettings: "get: No settings file exists, new profile?" (new NotFoundError("Could not open the file at /var/folders/00/gjg35v2952q6d4cnn6wnljy80000gn/T/rust_mozprofilekdYbbF/search.json.mozlz4", (void 0)))
DevTools listening on ws://localhost:55472/devtools/browser/a7842974-2123-459f-ba07-4a26579b5d87
UNSUPPORTED (log once): POSSIBLE ISSUE: unit 1 GLD_TEXTURE_INDEX_2D is unloadable and bound to sampler type (Float) - using zero texture because texture unloadable
console.warn: LoginRecipes: "Falling back to a synchronous message for: https://www.johnlewis.com."
console.warn: LoginRecipes: "Falling back to a synchronous message for: https://www.johnlewis.com."
JavaScript warning: https://www.johnlewis.com/7eFnvpRHnVmHBK66DMGT/VEDaX0bmEpiw/WSo8YwE/NH/xbYFFMNEE, line 1: WEBGL_debug_renderer_info is deprecated in Firefox and will be removed. Please use RENDERER.
1661958180050	Marionette	INFO	Stopped listening on port 55477
JavaScript error: , line 0: NotFoundError: No such JSWindowActor 'DevToolsFrame'
JavaScript error: , line 0: NotFoundError: No such JSWindowActor 'DevToolsFrame'
JavaScript error: resource://autofill/FormAutofillChild.jsm, line 94: InvalidStateError: JSWindowActorChild.sendAsyncMessage: JSWindowActorChild cannot send at the moment
1661958194478	geckodriver	INFO	Listening on 127.0.0.1:55554
1661958194990	mozrunner::runner	INFO	Running command: "/Applications/Firefox.app/Contents/MacOS/firefox-bin" "--marionette" "--remote-debugging-port" "55556" "--remote-allow-hosts" "localhost" "-foreground" "-no-remote" "-profile" "/var/folders/00/gjg35v2952q6d4cnn6wnljy80000gn/T/rust_mozprofileSG0Sjy"
1661958195265	Marionette	INFO	Marionette enabled
1661958195284	Marionette	INFO	Listening on port 55561
2022-08-31 16:03:15.285 plugin-container[46903:615348] nil host used in call to allowsSpecificHTTPSCertificateForHost
2022-08-31 16:03:15.286 plugin-container[46903:615348] nil host used in call to allowsAnyHTTPSCertificateForHost:
WebDriver BiDi listening on ws://localhost:55556
2022-08-31 16:03:15.288 plugin-container[46903:615348] nil host used in call to allowsSpecificHTTPSCertificateForHost
2022-08-31 16:03:15.288 plugin-container[46903:615348] nil host used in call to allowsAnyHTTPSCertificateForHost:
2022-08-31 16:03:15.288 plugin-container[46903:615350] nil host used in call to allowsSpecificHTTPSCertificateForHost
2022-08-31 16:03:15.288 plugin-container[46903:615350] nil host used in call to allowsAnyHTTPSCertificateForHost:
Read port: 55561
1661958195380	RemoteAgent	WARN	TLS certificate errors will be ignored for this session
console.warn: SearchSettings: "get: No settings file exists, new profile?" (new NotFoundError("Could not open the file at /var/folders/00/gjg35v2952q6d4cnn6wnljy80000gn/T/rust_mozprofileSG0Sjy/search.json.mozlz4", (void 0)))
DevTools listening on ws://localhost:55556/devtools/browser/4f063fd6-7b95-4282-9c40-2d84cb7cddff
UNSUPPORTED (log once): POSSIBLE ISSUE: unit 1 GLD_TEXTURE_INDEX_2D is unloadable and bound to sampler type (Float) - using zero texture because texture unloadable
console.warn: LoginRecipes: "Falling back to a synchronous message for: https://www.johnlewis.com."
console.warn: LoginRecipes: "Falling back to a synchronous message for: https://www.johnlewis.com."
JavaScript warning: https://www.johnlewis.com/7eFnvpRHnVmHBK66DMGT/VEDaX0bmEpiw/WSo8YwE/NH/xbYFFMNEE, line 1: WEBGL_debug_renderer_info is deprecated in Firefox and will be removed. Please use RENDERER.
console.warn: LoginRecipes: "Falling back to a synchronous message for: https://www.johnlewis.com."
JavaScript error: , line 0: TypeError: NetworkError when attempting to fetch resource.
JavaScript warning: https://www.johnlewis.com/7eFnvpRHnVmHBK66DMGT/VEDaX0bmEpiw/WSo8YwE/NH/xbYFFMNEE, line 1: WEBGL_debug_renderer_info is deprecated in Firefox and will be removed. Please use RENDERER.
1661958549525	geckodriver	INFO	Listening on 127.0.0.1:56078
1661958550035	mozrunner::runner	INFO	Running command: "/Applications/Firefox.app/Contents/MacOS/firefox-bin" "--marionette" "--headless" "--remote-debugging-port" "56079" "--remote-allow-hosts" "localhost" "-foreground" "-no-remote" "-profile" "/var/folders/00/gjg35v2952q6d4cnn6wnljy80000gn/T/rust_mozprofile9Jx6gb"
*** You are running in headless mode.
1661958550651	Marionette	INFO	Marionette enabled
1661958550680	Marionette	INFO	Listening on port 56085
WebDriver BiDi listening on ws://localhost:56079
2022-08-31 16:09:10.690 plugin-container[47426:620017] nil host used in call to allowsSpecificHTTPSCertificateForHost
2022-08-31 16:09:10.690 plugin-container[47426:620017] nil host used in call to allowsAnyHTTPSCertificateForHost:
2022-08-31 16:09:10.734 plugin-container[47426:620017] nil host used in call to allowsSpecificHTTPSCertificateForHost
2022-08-31 16:09:10.734 plugin-container[47426:620017] nil host used in call to allowsAnyHTTPSCertificateForHost:
2022-08-31 16:09:10.734 plugin-container[47426:620042] nil host used in call to allowsSpecificHTTPSCertificateForHost
2022-08-31 16:09:10.734 plugin-container[47426:620042] nil host used in call to allowsAnyHTTPSCertificateForHost:
Read port: 56085
1661958550797	RemoteAgent	WARN	TLS certificate errors will be ignored for this session
[GFX1-]: RenderCompositorSWGL failed mapping default framebuffer, no dt
console.warn: SearchSettings: "get: No settings file exists, new profile?" (new NotFoundError("Could not open the file at /var/folders/00/gjg35v2952q6d4cnn6wnljy80000gn/T/rust_mozprofile9Jx6gb/search.json.mozlz4", (void 0)))
DevTools listening on ws://localhost:56079/devtools/browser/48966697-f32a-4db9-8085-9f9638511c33
console.warn: LoginRecipes: "Falling back to a synchronous message for: https://www.johnlewis.com."
console.warn: LoginRecipes: "Falling back to a synchronous message for: https://www.johnlewis.com."
JavaScript warning: https://www.johnlewis.com/7eFnvpRHnVmHBK66DMGT/VEDaX0bmEpiw/WSo8YwE/NH/xbYFFMNEE, line 1: WEBGL_debug_renderer_info is deprecated in Firefox and will be removed. Please use RENDERER.
console.warn: LoginRecipes: "Falling back to a synchronous message for: https://www.johnlewis.com."
JavaScript warning: https://www.johnlewis.com/7eFnvpRHnVmHBK66DMGT/VEDaX0bmEpiw/WSo8YwE/NH/xbYFFMNEE, line 1: WEBGL_debug_renderer_info is deprecated in Firefox and will be removed. Please use RENDERER.
1661959010077	Marionette	INFO	Stopped listening on port 55561
console.warn: TopSitesFeed: Failed to fetch data from Contile server: NetworkError when attempting to fetch resource.
Exiting due to channel error.
[GFX1-]: Receive IPC close with reason=AbnormalShutdown
Exiting due to channel error.
Exiting due to channel error.
Exiting due to channel error.
